<?xml version="1.0" encoding="UTF-8"?>
<!-- Generated by org.testng.reporters.JUnitXMLReporter -->
<testsuite ignored="0" hostname="DESKTOP-G3T8VE9" failures="0" tests="6" name="Default test" time="67.096" errors="0" timestamp="2023-02-25T20:26:23 IST">
  <testcase classname="com.amazon.practice.GetProductTitle" name="subMenu" time="1.689"/>
  <testcase classname="com.amazon.practice.GetProductTitle" name="SearchKeywords" time="8.661"/>
  <testcase classname="com.amazon.practice.GetProductTitle" name="windowHandles" time="17.417"/>
  <testcase classname="com.amazon.practice.GetProductTitle" name="screenshot" time="0.506"/>
  <testcase classname="com.amazon.practice.GetProductTitle" name="goToCart" time="9.315"/>
  <testcase classname="com.amazon.practice.GetProductTitle" name="getTitlePage" time="0.086"/>
</testsuite> <!-- Default test -->
